<?xml version="1.0" encoding="UTF-8"?>
<testsuite xmlns:xsi="http://www.w3.org/2001/XMLSchema-instance" xsi:noNamespaceSchemaLocation="https://maven.apache.org/surefire/maven-surefire-plugin/xsd/surefire-test-report.xsd" version="3.0.2" name="com.api.medicine.MedicineApplicationTests" time="5.942" tests="1" errors="0" skipped="0" failures="0">
  <properties>
[...]
</properties>
  <testcase name="contextLoads" classname="com.api.medicine.MedicineApplicationTests" time="0.637">
    <system-out><![CDATA[19:38:57.311 [main] INFO org.springframework.test.context.support.AnnotationConfigContextLoaderUtils -- Could not detect default configuration classes for test class [com.api.medicine.MedicineApplicationTests]: MedicineApplicationTests does not declare any static, non-private, non-final, nested classes annotated with @Configuration.
19:38:57.443 [main] INFO org.springframework.boot.test.context.SpringBootTestContextBootstrapper -- Found @SpringBootConfiguration com.api.medicine.MedicineApplication for test class com.api.medicine.MedicineApplicationTests

  .   ____          _            __ _ _
 /\\ / ___'_ __ _ _(_)_ __  __ _ \ \ \ \
( ( )\___ | '_ | '_| | '_ \/ _` | \ \ \ \
 \\/  ___)| |_)| | | | | || (_| |  ) ) ) )
  '  |____| .__|_| |_|_| |_\__, | / / / /
 =========|_|==============|___/=/_/_/_/

 :: Spring Boot ::                (v3.5.6)

2025-11-29T19:38:57.953+03:00  INFO 89412 --- [medicine] [           main] c.api.medicine.MedicineApplicationTests  : Starting MedicineApplicationTests using Java 21.0.8 with PID 89412 (started by erenaras in /Users/erenaras/Desktop/medicine/medicine-backend)
2025-11-29T19:38:57.955+03:00  INFO 89412 --- [medicine] [           main] c.api.medicine.MedicineApplicationTests  : No active profile set, falling back to 1 default profile: "default"
2025-11-29T19:38:58.896+03:00  INFO 89412 --- [medicine] [           main] .s.d.r.c.RepositoryConfigurationDelegate : Bootstrapping Spring Data JPA repositories in DEFAULT mode.
2025-11-29T19:38:58.995+03:00  INFO 89412 --- [medicine] [           main] .s.d.r.c.RepositoryConfigurationDelegate : Finished Spring Data repository scanning in 87 ms. Found 5 JPA repository interfaces.
2025-11-29T19:38:59.492+03:00  INFO 89412 --- [medicine] [           main] o.hibernate.jpa.internal.util.LogHelper  : HHH000204: Processing PersistenceUnitInfo [name: default]
2025-11-29T19:38:59.526+03:00  INFO 89412 --- [medicine] [           main] org.hibernate.Version                    : HHH000412: Hibernate ORM core version 6.6.29.Final
2025-11-29T19:38:59.572+03:00  INFO 89412 --- [medicine] [           main] o.h.c.internal.RegionFactoryInitiator    : HHH000026: Second-level cache disabled
2025-11-29T19:38:59.876+03:00  INFO 89412 --- [medicine] [           main] o.s.o.j.p.SpringPersistenceUnitInfo      : No LoadTimeWeaver setup: ignoring JPA class transformer
2025-11-29T19:38:59.933+03:00  INFO 89412 --- [medicine] [           main] com.zaxxer.hikari.HikariDataSource       : HikariPool-1 - Starting...
2025-11-29T19:39:00.089+03:00  INFO 89412 --- [medicine] [           main] com.zaxxer.hikari.pool.HikariPool        : HikariPool-1 - Added connection org.postgresql.jdbc.PgConnection@47f2c722
2025-11-29T19:39:00.090+03:00  INFO 89412 --- [medicine] [           main] com.zaxxer.hikari.HikariDataSource       : HikariPool-1 - Start completed.
2025-11-29T19:39:00.117+03:00  WARN 89412 --- [medicine] [           main] org.hibernate.orm.deprecation            : HHH90000025: PostgreSQLDialect does not need to be specified explicitly using 'hibernate.dialect' (remove the property setting and it will be selected by default)
2025-11-29T19:39:00.139+03:00  INFO 89412 --- [medicine] [           main] org.hibernate.orm.connections.pooling    : HHH10001005: Database info:
	Database JDBC URL [Connecting through datasource 'HikariDataSource (HikariPool-1)']
	Database driver: undefined/unknown
	Database version: 17.6
	Autocommit mode: undefined/unknown
	Isolation level: undefined/unknown
	Minimum pool size: undefined/unknown
	Maximum pool size: undefined/unknown
2025-11-29T19:39:00.904+03:00  INFO 89412 --- [medicine] [           main] o.h.e.t.j.p.i.JtaPlatformInitiator       : HHH000489: No JTA platform available (set 'hibernate.transaction.jta.platform' to enable JTA platform integration)
Hibernate: set client_min_messages = WARNING
Hibernate: alter table if exists atm drop constraint if exists FKhye0r3py4r8k7401e42qyjg0o
Hibernate: alter table if exists atm_stock drop constraint if exists FKbwb1x0es6flcwk2pt1nvoa0et
Hibernate: alter table if exists patient_allergies drop constraint if exists FK5930n4rub3nhwfo38o85qgyjc
Hibernate: alter table if exists prescription drop constraint if exists FK1ppr8greedyrey8nchpr0v4dn
Hibernate: alter table if exists prescription drop constraint if exists FKqrlh184tfvdi95erwl65p4xj3
Hibernate: alter table if exists prescription_medicine drop constraint if exists FK628hc519rik10tuyw4xnxau06
Hibernate: alter table if exists prescription_medicine drop constraint if exists FKoehlep3ef56j6rr192owe9gq3
Hibernate: drop table if exists atm cascade
Hibernate: drop table if exists atm_stock cascade
Hibernate: drop table if exists doctor cascade
Hibernate: drop table if exists medicine cascade
Hibernate: drop table if exists patient cascade
Hibernate: drop table if exists patient_allergies cascade
Hibernate: drop table if exists pharmacy_staff cascade
Hibernate: drop table if exists prescription cascade
Hibernate: drop table if exists prescription_medicine cascade
Hibernate: create table atm (id bigint generated by default as identity, responsible_staff_id bigint, location varchar(255) not null, primary key (id))
Hibernate: create table atm_stock (quantity integer, atm_id bigint not null, medicine_name varchar(255) not null, primary key (atm_id, medicine_name))
Hibernate: create table doctor (id bigint generated by default as identity, email varchar(255) not null unique, name varchar(255), password varchar(255), primary key (id))
Hibernate: create table medicine (id uuid not null, name varchar(255), primary key (id))
Hibernate: create table patient (amount float4 not null, id bigint generated by default as identity, email varchar(255) not null unique, name varchar(255), password varchar(255), primary key (id))
Hibernate: create table patient_allergies (patient_id bigint not null, allergy_name varchar(255))
Hibernate: create table pharmacy_staff (id bigint generated by default as identity, email varchar(255) not null unique, name varchar(255), password varchar(255), primary key (id))
Hibernate: create table prescription (date date, doctor_id bigint, patient_id bigint, id uuid not null, primary key (id))
Hibernate: create table prescription_medicine (medicine_id uuid not null, prescription_id uuid not null)
Hibernate: alter table if exists atm add constraint FKhye0r3py4r8k7401e42qyjg0o foreign key (responsible_staff_id) references pharmacy_staff
Hibernate: alter table if exists atm_stock add constraint FKbwb1x0es6flcwk2pt1nvoa0et foreign key (atm_id) references atm
Hibernate: alter table if exists patient_allergies add constraint FK5930n4rub3nhwfo38o85qgyjc foreign key (patient_id) references patient
Hibernate: alter table if exists prescription add constraint FK1ppr8greedyrey8nchpr0v4dn foreign key (doctor_id) references doctor
Hibernate: alter table if exists prescription add constraint FKqrlh184tfvdi95erwl65p4xj3 foreign key (patient_id) references patient
Hibernate: alter table if exists prescription_medicine add constraint FK628hc519rik10tuyw4xnxau06 foreign key (medicine_id) references medicine
Hibernate: alter table if exists prescription_medicine add constraint FKoehlep3ef56j6rr192owe9gq3 foreign key (prescription_id) references prescription
2025-11-29T19:39:00.973+03:00  INFO 89412 --- [medicine] [           main] j.LocalContainerEntityManagerFactoryBean : Initialized JPA EntityManagerFactory for persistence unit 'default'
2025-11-29T19:39:02.021+03:00  WARN 89412 --- [medicine] [           main] JpaBaseConfiguration$JpaWebConfiguration : spring.jpa.open-in-view is enabled by default. Therefore, database queries may be performed during view rendering. Explicitly configure spring.jpa.open-in-view to disable this warning
2025-11-29T19:39:02.430+03:00  INFO 89412 --- [medicine] [           main] c.api.medicine.MedicineApplicationTests  : Started MedicineApplicationTests in 4.879 seconds (process running for 5.894)
]]></system-out>
    <system-err><![CDATA[Mockito is currently self-attaching to enable the inline-mock-maker. This will no longer work in future releases of the JDK. Please add Mockito as an agent to your build as described in Mockito's documentation: https://javadoc.io/doc/org.mockito/mockito-core/latest/org.mockito/org/mockito/Mockito.html#0.3
WARNING: A Java agent has been loaded dynamically (/Users/erenaras/.m2/repository/net/bytebuddy/byte-buddy-agent/1.17.7/byte-buddy-agent-1.17.7.jar)
WARNING: If a serviceability tool is in use, please run with -XX:+EnableDynamicAgentLoading to hide this warning
WARNING: If a serviceability tool is not in use, please run with -Djdk.instrument.traceUsage for more information
WARNING: Dynamic loading of agents will be disallowed by default in a future release
]]></system-err>
  </testcase>
</testsuite>